tuicallkit/build/intermediates/manifest_merge_blame_file/release/manifest-merger-blame-release-report.txt
1<?xml version="1.0" encoding="utf-8"?>
2<manifest xmlns:android="http://schemas.android.com/apk/res/android"
3    package="com.tencent.qcloud.tuikit.tuicallkit"
4    android:versionCode="1"
5    android:versionName="1.0" >
6
7    <uses-sdk
8        android:minSdkVersion="19"
8-->src\main\AndroidManifest.xml
9        android:targetSdkVersion="26" />
9-->src\main\AndroidManifest.xml
10
11    <uses-permission android:name="android.permission.FOREGROUND_SERVICE" />
11-->src\main\AndroidManifest.xml:5:5-77
11-->src\main\AndroidManifest.xml:5:22-74
12    <uses-permission android:name="android.permission.SYSTEM_ALERT_WINDOW" />
12-->src\main\AndroidManifest.xml:6:5-78
12-->src\main\AndroidManifest.xml:6:22-75
13    <uses-permission android:name="android.permission.WAKE_LOCK" />
13-->src\main\AndroidManifest.xml:7:5-68
13-->src\main\AndroidManifest.xml:7:22-65
14    <uses-permission android:name="android.permission.INTERNET" />
14-->src\main\AndroidManifest.xml:8:5-67
14-->src\main\AndroidManifest.xml:8:22-64
15    <uses-permission android:name="android.permission.RECORD_AUDIO" />
15-->src\main\AndroidManifest.xml:9:5-71
15-->src\main\AndroidManifest.xml:9:22-68
16    <uses-permission android:name="android.permission.MODIFY_AUDIO_SETTINGS" />
16-->src\main\AndroidManifest.xml:10:5-80
16-->src\main\AndroidManifest.xml:10:22-77
17    <uses-permission android:name="android.permission.CAMERA" />
17-->src\main\AndroidManifest.xml:11:5-65
17-->src\main\AndroidManifest.xml:11:22-62
18
19    <uses-feature android:name="android.hardware.camera" />
19-->src\main\AndroidManifest.xml:13:5-60
19-->src\main\AndroidManifest.xml:13:19-57
20    <uses-feature android:name="android.hardware.camera.autofocus" />
20-->src\main\AndroidManifest.xml:14:5-70
20-->src\main\AndroidManifest.xml:14:19-67
21
22    <uses-permission
22-->src\main\AndroidManifest.xml:16:5-95
23        android:name="android.permission.BLUETOOTH"
23-->src\main\AndroidManifest.xml:16:22-65
24        android:maxSdkVersion="30" />
24-->src\main\AndroidManifest.xml:16:66-92
25    <uses-permission
25-->src\main\AndroidManifest.xml:17:5-101
26        android:name="android.permission.BLUETOOTH_ADMIN"
26-->src\main\AndroidManifest.xml:17:22-71
27        android:maxSdkVersion="30" />
27-->src\main\AndroidManifest.xml:17:72-98
28    <!-- Support Android S(31) Bluetooth -->
29    <uses-permission android:name="android.permission.BLUETOOTH_CONNECT" />
29-->src\main\AndroidManifest.xml:19:5-76
29-->src\main\AndroidManifest.xml:19:22-73
30
31    <application>
31-->src\main\AndroidManifest.xml:21:5-49:19
32        <activity
32-->src\main\AndroidManifest.xml:22:9-26:66
33            android:name="com.tencent.qcloud.tuikit.tuicallkit.base.BaseCallActivity"
33-->src\main\AndroidManifest.xml:23:13-86
34            android:launchMode="singleTask"
34-->src\main\AndroidManifest.xml:24:13-44
35            android:screenOrientation="portrait"
35-->src\main\AndroidManifest.xml:25:13-49
36            android:theme="@style/Theme.AppCompat.NoActionBar" />
36-->src\main\AndroidManifest.xml:26:13-63
37        <activity
37-->src\main\AndroidManifest.xml:28:9-32:66
38            android:name="com.tencent.qcloud.tuikit.tuicallkit.extensions.inviteuser.SelectGroupMemberActivity"
38-->src\main\AndroidManifest.xml:29:13-76
39            android:launchMode="singleTask"
39-->src\main\AndroidManifest.xml:30:13-44
40            android:screenOrientation="portrait"
40-->src\main\AndroidManifest.xml:31:13-49
41            android:theme="@style/Theme.AppCompat.NoActionBar" />
41-->src\main\AndroidManifest.xml:32:13-63
42
43        <provider
43-->src\main\AndroidManifest.xml:34:9-38:40
44            android:name="com.tencent.qcloud.tuikit.tuicallkit.internal.ServiceInitializer"
44-->src\main\AndroidManifest.xml:35:13-92
45            android:authorities="${applicationId}.ServiceInitializer"
45-->src\main\AndroidManifest.xml:36:13-70
46            android:enabled="true"
46-->src\main\AndroidManifest.xml:37:13-35
47            android:exported="false" />
47-->src\main\AndroidManifest.xml:38:13-37
48
49        <service
49-->src\main\AndroidManifest.xml:40:9-43:40
50            android:name="com.tencent.qcloud.tuikit.tuicallkit.service.TUICallService"
50-->src\main\AndroidManifest.xml:41:13-87
51            android:enabled="true"
51-->src\main\AndroidManifest.xml:42:13-35
52            android:exported="false" />
52-->src\main\AndroidManifest.xml:43:13-37
53        <service
53-->src\main\AndroidManifest.xml:45:9-48:40
54            android:name="com.tencent.qcloud.tuikit.tuicallkit.view.floatwindow.FloatWindowService"
54-->src\main\AndroidManifest.xml:46:13-100
55            android:enabled="true"
55-->src\main\AndroidManifest.xml:47:13-35
56            android:exported="false" />
56-->src\main\AndroidManifest.xml:48:13-37
57    </application>
58
59</manifest>